{
  "RSpec": {
    "coverage": {
      "/Users/mercedes/Git/Personal/CrochetPatterns/crochet_pattern/app/helpers/application_helper.rb": [
        1,
        null
      ],
      "/Users/mercedes/Git/Personal/CrochetPatterns/crochet_pattern/app/helpers/pattern_helper.rb": [
        1,
        null
      ],
      "/Users/mercedes/Git/Personal/CrochetPatterns/crochet_pattern/app/models/base_stitch.rb": [
        1,
        1,
        1,
        null,
        null,
        1,
        1,
        null,
        null
      ],
      "/Users/mercedes/Git/Personal/CrochetPatterns/crochet_pattern/app/models/instruction.rb": [
        1,
        1,
        2,
        null,
        null
      ],
      "/Users/mercedes/Git/Personal/CrochetPatterns/crochet_pattern/app/models/decrease.rb": [
        null,
        1,
        1,
        null,
        1,
        2,
        null,
        null,
        1,
        1,
        null,
        null,
        1,
        2,
        null,
        null,
        1,
        1,
        1,
        null,
        null
      ],
      "/Users/mercedes/Git/Personal/CrochetPatterns/crochet_pattern/app/models/double_crochet.rb": [
        1,
        1,
        8,
        null,
        null,
        1,
        45,
        null,
        null,
        1,
        3,
        null,
        null
      ],
      "/Users/mercedes/Git/Personal/CrochetPatterns/crochet_pattern/app/models/increase.rb": [
        null,
        1,
        1,
        null,
        1,
        9,
        null,
        null,
        1,
        6,
        null,
        null,
        1,
        20,
        null,
        null,
        1,
        2,
        2,
        null,
        null
      ],
      "/Users/mercedes/Git/Personal/CrochetPatterns/crochet_pattern/app/models/join.rb": [
        null,
        1,
        1,
        null,
        1,
        7,
        null,
        null,
        1,
        3,
        null,
        null,
        1,
        12,
        null,
        null,
        1,
        1,
        1,
        null,
        null
      ],
      "/Users/mercedes/Git/Personal/CrochetPatterns/crochet_pattern/app/models/repeat_instruction.rb": [
        1,
        1,
        1,
        null,
        1,
        9,
        9,
        null,
        null,
        1,
        2,
        null,
        7,
        null,
        2,
        null,
        null,
        1,
        1,
        null,
        null
      ],
      "/Users/mercedes/Git/Personal/CrochetPatterns/crochet_pattern/app/models/row.rb": [
        1,
        1,
        2,
        2,
        null,
        null,
        1,
        2,
        2,
        null,
        null,
        1,
        0,
        0,
        null,
        null,
        1,
        2,
        2,
        null,
        null
      ],
      "/Users/mercedes/Git/Personal/CrochetPatterns/crochet_pattern/app/models/single_crochet.rb": [
        1,
        1,
        3,
        null,
        null,
        1,
        30,
        null,
        null,
        1,
        2,
        null,
        null
      ],
      "/Users/mercedes/Git/Personal/CrochetPatterns/crochet_pattern/app/models/slip_stitch.rb": [
        1,
        1,
        4,
        null,
        null,
        1,
        23,
        null,
        null,
        1,
        2,
        null,
        null
      ],
      "/Users/mercedes/Git/Personal/CrochetPatterns/crochet_pattern/app/models/unknown_instruction.rb": [
        1,
        1,
        3,
        null,
        null,
        1,
        1,
        null,
        null
      ],
      "/Users/mercedes/Git/Personal/CrochetPatterns/crochet_pattern/app/services/parser_factory.rb": [
        1,
        1,
        34,
        4,
        30,
        8,
        22,
        19,
        null,
        null,
        null,
        null,
        null,
        1,
        3,
        null,
        null
      ],
      "/Users/mercedes/Git/Personal/CrochetPatterns/crochet_pattern/app/services/parsers/base_parser.rb": [
        null,
        1,
        1,
        1,
        null,
        null,
        1,
        1,
        null,
        null,
        1,
        null,
        1,
        68,
        null,
        null
      ],
      "/Users/mercedes/Git/Personal/CrochetPatterns/crochet_pattern/app/services/parsers/basic_stitch_parser.rb": [
        null,
        null,
        1,
        1,
        22,
        22,
        null,
        null,
        1,
        21,
        null,
        20,
        20,
        20,
        null,
        20,
        3,
        null,
        17,
        null,
        null,
        null,
        1,
        45,
        null,
        null,
        1,
        null,
        1,
        null,
        3,
        65,
        null,
        null,
        1,
        65,
        null,
        null
      ],
      "/Users/mercedes/Git/Personal/CrochetPatterns/crochet_pattern/app/services/parsers/composite_stitch_parser.rb": [
        null,
        1,
        1,
        10,
        10,
        null,
        null,
        1,
        9,
        null,
        8,
        8,
        null,
        8,
        8,
        null,
        8,
        8,
        8,
        null,
        8,
        null,
        8,
        null,
        null,
        1,
        41,
        null,
        null,
        1,
        null,
        2,
        57,
        null,
        null,
        1,
        57,
        null,
        null,
        1,
        null
      ],
      "/Users/mercedes/Git/Personal/CrochetPatterns/crochet_pattern/app/services/parsers/instruction_parser.rb": [
        null,
        1,
        1,
        9,
        9,
        9,
        null,
        null,
        1,
        8,
        8,
        18,
        18,
        null,
        18,
        3,
        3,
        3,
        null,
        15,
        null,
        null,
        18,
        18,
        18,
        2,
        null,
        16,
        18,
        null,
        8,
        null,
        null,
        1,
        0,
        null,
        null,
        1,
        null,
        1,
        18,
        null,
        null,
        1,
        18,
        null,
        null
      ],
      "/Users/mercedes/Git/Personal/CrochetPatterns/crochet_pattern/app/services/parsers/repeat_instruction_parser.rb": [
        null,
        1,
        1,
        6,
        null,
        null,
        1,
        5,
        null,
        4,
        4,
        4,
        null,
        4,
        4,
        null,
        null,
        1,
        44,
        44,
        null,
        null,
        1,
        48,
        null,
        null
      ],
      "/Users/mercedes/Git/Personal/CrochetPatterns/crochet_pattern/app/services/stitch_factory.rb": [
        1,
        1,
        35,
        null,
        10,
        null,
        8,
        null,
        5,
        null,
        5,
        null,
        5,
        null,
        2,
        null,
        null,
        null
      ],
      "/Users/mercedes/Git/Personal/CrochetPatterns/crochet_pattern/app/models/instruction_tokens.rb": [
        1,
        1,
        1,
        1,
        null
      ],
      "/Users/mercedes/Git/Personal/CrochetPatterns/crochet_pattern/app/models/stitches.rb": [
        1,
        1,
        null,
        null,
        null,
        null,
        null,
        1,
        null,
        null,
        null,
        null
      ],
      "/Users/mercedes/Git/Personal/CrochetPatterns/crochet_pattern/app/models/application_record.rb": [
        0,
        0,
        0
      ],
      "/Users/mercedes/Git/Personal/CrochetPatterns/crochet_pattern/app/controllers/pattern_controller.rb": [
        0,
        0,
        0,
        0,
        0,
        null,
        null,
        0,
        0
      ],
      "/Users/mercedes/Git/Personal/CrochetPatterns/crochet_pattern/app/channels/application_cable/connection.rb": [
        0,
        0,
        0,
        0
      ],
      "/Users/mercedes/Git/Personal/CrochetPatterns/crochet_pattern/app/channels/application_cable/channel.rb": [
        0,
        0,
        0,
        0
      ]
    },
    "timestamp": 1521507085
  }
}
